<?xml version="1.0" encoding="UTF-8"?>
<testng-results ignored="0" total="1" passed="1" failed="0" skipped="0">
  <reporter-output>
  </reporter-output>
  <suite started-at="2025-03-13T12:05:19 IST" name="Default suite" finished-at="2025-03-13T12:05:22 IST" duration-ms="3016">
    <groups>
    </groups>
    <test started-at="2025-03-13T12:05:19 IST" name="Default test" finished-at="2025-03-13T12:05:22 IST" duration-ms="3016">
      <class name="Tests.TwitterTest">
        <test-method is-config="true" signature="initialiseDriver()[pri:0, instance:Tests.TwitterTest@2d3379b4]" started-at="2025-03-13T12:05:19 IST" name="initialiseDriver" finished-at="2025-03-13T12:05:20 IST" duration-ms="1058" status="PASS">
          <reporter-output>
          </reporter-output>
        </test-method> <!-- initialiseDriver -->
        <test-method signature="verifyTwitterTest()[pri:0, instance:Tests.TwitterTest@2d3379b4]" started-at="2025-03-13T12:05:20 IST" name="verifyTwitterTest" finished-at="2025-03-13T12:05:22 IST" duration-ms="1849" status="PASS">
          <reporter-output>
          </reporter-output>
        </test-method> <!-- verifyTwitterTest -->
        <test-method is-config="true" signature="tearDown()[pri:0, instance:Tests.TwitterTest@2d3379b4]" started-at="2025-03-13T12:05:22 IST" name="tearDown" finished-at="2025-03-13T12:05:22 IST" duration-ms="92" status="PASS">
          <reporter-output>
          </reporter-output>
        </test-method> <!-- tearDown -->
      </class> <!-- Tests.TwitterTest -->
    </test> <!-- Default test -->
  </suite> <!-- Default suite -->
</testng-results>
